0 info it worked if it ends with ok
1 verbose cli [ 'C:\\Program Files\\nodejs\\node.exe',
1 verbose cli   'C:\\Program Files\\nodejs\\node_modules\\npm\\bin\\npm-cli.js',
1 verbose cli   'link' ]
2 info using npm@2.14.20
3 info using node@v4.4.0
4 verbose linkPkg F:\0A-node\Learning
5 verbose stack Error: ENOENT: no such file or directory, open 'F:\0A-node\Learning\package.json'
5 verbose stack     at Error (native)
6 verbose cwd F:\0A-node\Learning
7 error Windows_NT 6.1.7601
8 error argv "C:\\Program Files\\nodejs\\node.exe" "C:\\Program Files\\nodejs\\node_modules\\npm\\bin\\npm-cli.js" "link"
9 error node v4.4.0
10 error npm  v2.14.20
11 error path F:\0A-node\Learning\package.json
12 error code ENOENT
13 error errno -4058
14 error syscall open
15 error enoent ENOENT: no such file or directory, open 'F:\0A-node\Learning\package.json'
15 error enoent This is most likely not a problem with npm itself
15 error enoent and is related to npm not being able to find a file.
16 verbose exit [ -4058, true ]
